::1 - - [08/Dec/2019:00:28:07 -0300] "GET /phpmyadmin HTTP/1.1" 301 241
::1 - - [08/Dec/2019:00:28:07 -0300] "GET /phpmyadmin/ HTTP/1.1" 200 8063
::1 - - [08/Dec/2019:00:28:08 -0300] "GET /phpmyadmin/themes/pmahomme/jquery/jquery-ui-1.9.2.custom.css HTTP/1.1" 200 32739
::1 - - [08/Dec/2019:00:28:08 -0300] "GET /phpmyadmin/phpmyadmin.css.php?server=1&token=f36767e085a4c0c9a028d715a23ac2db&nocache=4708395508ltr HTTP/1.1" 200 92653
::1 - - [08/Dec/2019:00:28:08 -0300] "GET /phpmyadmin/js/get_scripts.js.php?scripts[]=jquery/jquery-1.8.3.js&scripts[]=ajax.js&scripts[]=keyhandler.js&scripts[]=jquery/jquery-ui-1.9.2.custom.js&scripts[]=jquery/jquery.sprintf.js&scripts[]=jquery/jquery.cookie.js&scripts[]=jquery/jquery.mousewheel.js&scripts[]=jquery/jquery.event.drag-2.2.js&scripts[]=jquery/jquery-ui-timepicker-addon.js&scripts[]=jquery/jquery.ba-hashchange-1.3.js&scripts[]=jquery/jquery.debounce-1.0.5.js&scripts[]=jquery/jquery.menuResizer-1.0.js&scripts[]=rte.js&scripts[]=functions.js&scripts[]=navigation.js&scripts[]=indexes.js&scripts[]=common.js&scripts[]=codemirror/lib/codemirror.js&scripts[]=codemirror/mode/mysql/mysql.js HTTP/1.1" 200 578621
::1 - - [08/Dec/2019:00:28:08 -0300] "GET /phpmyadmin/js/messages.php?lang=pt&db=&server=0&token=41c1563163d12fb56271407d0d094318 HTTP/1.1" 200 18108
::1 - - [08/Dec/2019:00:28:08 -0300] "GET /phpmyadmin/js/get_image.js.php?theme=pmahomme HTTP/1.1" 200 6364
::1 - - [08/Dec/2019:00:28:08 -0300] "GET /phpmyadmin/themes/dot.gif HTTP/1.1" 200 43
::1 - - [08/Dec/2019:00:28:08 -0300] "GET /phpmyadmin/favicon.ico HTTP/1.1" 200 18902
::1 - - [08/Dec/2019:00:28:09 -0300] "GET /phpmyadmin/themes/pmahomme/img/sprites.png HTTP/1.1" 200 61899
::1 - - [08/Dec/2019:00:28:12 -0300] "POST /phpmyadmin/index.php HTTP/1.1" 302 -
::1 - - [08/Dec/2019:00:28:12 -0300] "GET /phpmyadmin/index.php?token=f36767e085a4c0c9a028d715a23ac2db HTTP/1.1" 200 50174
::1 - - [08/Dec/2019:00:28:13 -0300] "GET /phpmyadmin/phpmyadmin.css.php?server=1&token=f36767e085a4c0c9a028d715a23ac2db&nocache=6284171201ltr HTTP/1.1" 200 92653
::1 - - [08/Dec/2019:00:28:13 -0300] "GET /phpmyadmin/js/messages.php?lang=pt&db=&server=0&token=f36767e085a4c0c9a028d715a23ac2db HTTP/1.1" 200 18108
::1 - - [08/Dec/2019:00:28:13 -0300] "GET /phpmyadmin/themes/pmahomme/img/logo_left.png HTTP/1.1" 200 2327
::1 - - [08/Dec/2019:00:28:13 -0300] "GET /phpmyadmin/themes/pmahomme/img/ajax_clock_small.gif HTTP/1.1" 200 1810
::1 - - [08/Dec/2019:00:28:13 -0300] "GET /phpmyadmin/themes/pmahomme/img/left_nav_bg.png HTTP/1.1" 200 297
::1 - - [08/Dec/2019:00:28:13 -0300] "GET /phpmyadmin/version_check.php?&_nocache=1575775693621840030 HTTP/1.1" 200 39
::1 - - [08/Dec/2019:00:28:21 -0300] "GET /phpmyadmin/ HTTP/1.1" 200 50174
::1 - - [08/Dec/2019:00:28:21 -0300] "GET /phpmyadmin/version_check.php?&_nocache=1575775701818169269 HTTP/1.1" 200 39
::1 - - [08/Dec/2019:00:28:27 -0300] "GET / HTTP/1.1" 200 78139
::1 - - [08/Dec/2019:00:28:27 -0300] "GET /style.css HTTP/1.1" 200 3041
::1 - - [08/Dec/2019:00:28:27 -0300] "GET /index.php?=PHPE9568F34-D428-11d2-A769-00AA001ACF42 HTTP/1.1" 200 2524
::1 - - [08/Dec/2019:00:28:27 -0300] "GET /index.php?=PHPE9568F35-D428-11d2-A769-00AA001ACF42 HTTP/1.1" 200 2146
::1 - - [08/Dec/2019:00:28:27 -0300] "GET /images/header.png HTTP/1.1" 200 7766
::1 - - [08/Dec/2019:00:28:27 -0300] "GET /images/menuright.jpg HTTP/1.1" 200 11239
::1 - - [08/Dec/2019:00:28:27 -0300] "GET /images/background.jpg HTTP/1.1" 200 12386
::1 - - [08/Dec/2019:00:28:27 -0300] "GET /images/menu.jpg HTTP/1.1" 200 11219
::1 - - [08/Dec/2019:00:28:27 -0300] "GET /images/menuleft.jpg HTTP/1.1" 200 11236
::1 - - [08/Dec/2019:00:28:27 -0300] "GET /images/content.jpg HTTP/1.1" 200 11916
::1 - - [08/Dec/2019:00:28:27 -0300] "GET /images/topcontent.jpg HTTP/1.1" 200 11578
::1 - - [08/Dec/2019:00:28:27 -0300] "GET /images/banner.jpg HTTP/1.1" 200 38149
::1 - - [08/Dec/2019:00:28:28 -0300] "GET /favicon.ico HTTP/1.1" 404 209
::1 - - [08/Dec/2019:00:28:37 -0300] "GET /syshair/index.html HTTP/1.1" 304 -
::1 - - [08/Dec/2019:00:28:37 -0300] "GET /syshair/css/open-iconic-bootstrap.min.css HTTP/1.1" 200 9467
::1 - - [08/Dec/2019:00:28:37 -0300] "GET /syshair/css/animate.css HTTP/1.1" 200 73641
::1 - - [08/Dec/2019:00:28:37 -0300] "GET /syshair/css/owl.carousel.min.css HTTP/1.1" 200 3440
::1 - - [08/Dec/2019:00:28:37 -0300] "GET /syshair/css/bootstrap-datepicker.css HTTP/1.1" 200 17945
::1 - - [08/Dec/2019:00:28:37 -0300] "GET /syshair/css/aos.css HTTP/1.1" 200 25983
::1 - - [08/Dec/2019:00:28:37 -0300] "GET /syshair/css/jquery.timepicker.css HTTP/1.1" 200 1588
::1 - - [08/Dec/2019:00:28:38 -0300] "GET /syshair/css/flaticon.css HTTP/1.1" 200 1354
::1 - - [08/Dec/2019:00:28:37 -0300] "GET /syshair/css/magnific-popup.css HTTP/1.1" 200 6950
::1 - - [08/Dec/2019:00:28:37 -0300] "GET /syshair/css/owl.theme.default.min.css HTTP/1.1" 200 965
::1 - - [08/Dec/2019:00:28:38 -0300] "GET /syshair/css/style.css HTTP/1.1" 200 236620
::1 - - [08/Dec/2019:00:28:37 -0300] "GET /syshair/css/ionicons.min.css HTTP/1.1" 200 46816
::1 - - [08/Dec/2019:00:28:38 -0300] "GET /syshair/css/icomoon.css HTTP/1.1" 200 79875
::1 - - [08/Dec/2019:00:28:38 -0300] "GET /syshair/images/bg_4.jpg HTTP/1.1" 200 107625
::1 - - [08/Dec/2019:00:28:38 -0300] "GET /syshair/images/person_3.jpg HTTP/1.1" 200 101771
::1 - - [08/Dec/2019:00:28:38 -0300] "GET /syshair/images/person_2.jpg HTTP/1.1" 200 67366
::1 - - [08/Dec/2019:00:28:38 -0300] "GET /syshair/images/person_1.jpg HTTP/1.1" 200 127539
::1 - - [08/Dec/2019:00:28:38 -0300] "GET /syshair/images/gallery-2.jpg HTTP/1.1" 200 104426
::1 - - [08/Dec/2019:00:28:38 -0300] "GET /syshair/images/gallery-3.jpg HTTP/1.1" 200 97506
::1 - - [08/Dec/2019:00:28:38 -0300] "GET /syshair/images/person_4.jpg HTTP/1.1" 200 127378
::1 - - [08/Dec/2019:00:28:38 -0300] "GET /syshair/fonts/flaticon/font/Flaticon.woff HTTP/1.1" 200 2740
::1 - - [08/Dec/2019:00:28:38 -0300] "GET /syshair/images/gallery-1.jpg HTTP/1.1" 200 55191
::1 - - [08/Dec/2019:00:28:38 -0300] "GET /syshair/images/gallery-4.jpg HTTP/1.1" 200 84147
::1 - - [08/Dec/2019:00:28:38 -0300] "GET /syshair/images/image_1.jpg HTTP/1.1" 200 55211
::1 - - [08/Dec/2019:00:28:38 -0300] "GET /syshair/images/image_2.jpg HTTP/1.1" 200 45138
::1 - - [08/Dec/2019:00:28:38 -0300] "GET /syshair/fonts/ionicons/fonts/ionicons.woff2?v=4.0.0-19 HTTP/1.1" 200 50592
::1 - - [08/Dec/2019:00:28:40 -0300] "GET /syshair/admin/login.php HTTP/1.1" 200 2858
::1 - - [08/Dec/2019:00:28:40 -0300] "GET /syshair/css/signin.css HTTP/1.1" 200 809
::1 - - [08/Dec/2019:00:28:40 -0300] "GET /syshair/images/barbershop.png HTTP/1.1" 200 7489
::1 - - [08/Dec/2019:00:29:48 -0300] "GET /syshair/admin/usuario_form.php HTTP/1.1" 200 2219
::1 - - [08/Dec/2019:00:29:48 -0300] "GET /syshair/css/bootstrap.min.css HTTP/1.1" 200 140421
::1 - - [08/Dec/2019:00:29:48 -0300] "GET /syshair/css/floating-labels.css HTTP/1.1" 200 2255
::1 - - [08/Dec/2019:00:29:49 -0300] "GET /syshair/images/barbershop.png HTTP/1.1" 200 7489
::1 - - [08/Dec/2019:00:30:14 -0300] "POST /syshair/admin/login_action.php HTTP/1.1" 302 -
::1 - - [08/Dec/2019:00:30:14 -0300] "GET /syshair/admin/login.php?erro=Credenciais%20incorretas!!! HTTP/1.1" 200 2858
::1 - - [08/Dec/2019:00:30:58 -0300] "GET /syshair/admin/login.php?erro=Credenciais%20incorretas!!! HTTP/1.1" 200 2858
::1 - - [08/Dec/2019:00:30:58 -0300] "POST /syshair/admin/login_action.php HTTP/1.1" 302 -
::1 - - [08/Dec/2019:00:30:58 -0300] "GET /syshair/admin/usuario_form.php?erro=Credenciais%20incorretas!!! HTTP/1.1" 200 2219
::1 - - [08/Dec/2019:00:31:23 -0300] "POST /syshair/admin/login_action.php HTTP/1.1" 302 -
::1 - - [08/Dec/2019:00:31:23 -0300] "GET /syshair/admin/usuario_form.php?erro=Credenciais%20incorretas!!! HTTP/1.1" 200 2219
::1 - - [08/Dec/2019:00:32:02 -0300] "POST /syshair/admin/usuario_acao.php HTTP/1.1" 302 13
::1 - - [08/Dec/2019:00:32:02 -0300] "GET /syshair/admin/usuario_lista.php HTTP/1.1" 302 133
::1 - - [08/Dec/2019:00:32:02 -0300] "GET /syshair/admin/login.php?erro=Usu%C3%A1rio%20n%C3%A3o%20autorizado!!! HTTP/1.1" 200 2858
::1 - - [08/Dec/2019:00:32:09 -0300] "POST /syshair/admin/login_action.php HTTP/1.1" 302 19
::1 - - [08/Dec/2019:00:32:09 -0300] "GET /syshair/agenda.html HTTP/1.1" 200 11281
::1 - - [08/Dec/2019:00:32:18 -0300] "GET /phpmyadmin/navigation.php?ajax_request=1&token=f36767e085a4c0c9a028d715a23ac2db&aPath=cm9vdA%3D%3D.aGFpcnN5cw%3D%3D&vPath=cm9vdA%3D%3D.aGFpcnN5cw%3D%3D&pos=0&pos2_name=&pos2_value=&searchClause=&searchClause2=&_nocache=1575775938839533017 HTTP/1.1" 200 3723
::1 - - [08/Dec/2019:00:32:21 -0300] "GET /phpmyadmin/navigation.php?ajax_request=1&token=f36767e085a4c0c9a028d715a23ac2db&aPath=cm9vdA%3D%3D.aGFpcnN5cw%3D%3D.dGFibGVz.dXN1YXJpbw%3D%3D&vPath=cm9vdA%3D%3D.aGFpcnN5cw%3D%3D.VGFiZWxhcw%3D%3D.dXN1YXJpbw%3D%3D&pos=0&pos2_name=tables&pos2_value=0&searchClause=&searchClause2=&_nocache=1575775941594302966 HTTP/1.1" 200 3436
::1 - - [08/Dec/2019:00:32:23 -0300] "GET /phpmyadmin/sql.php?server=1&db=hairsys&table=usuario&pos=0&token=f36767e085a4c0c9a028d715a23ac2db&ajax_request=true&ajax_page_request=true&menuHashes=f8411ace&_nocache=1575775943529388786 HTTP/1.1" 200 40645
::1 - - [08/Dec/2019:00:32:23 -0300] "GET /phpmyadmin/themes/pmahomme/img/arrow_ltr.png HTTP/1.1" 200 139
::1 - - [08/Dec/2019:00:32:23 -0300] "GET /phpmyadmin/themes/pmahomme/img/s_fulltext.png HTTP/1.1" 200 193
::1 - - [08/Dec/2019:00:32:23 -0300] "GET /phpmyadmin/js/get_scripts.js.php?scripts[]=tbl_change.js&scripts[]=tbl_structure.js&scripts[]=gis_data_editor.js&scripts[]=makegrid.js&scripts[]=sql.js HTTP/1.1" 200 57302
::1 - - [08/Dec/2019:00:32:24 -0300] "GET /phpmyadmin/themes/pmahomme/img/col_pointer.png HTTP/1.1" 200 113
::1 - - [08/Dec/2019:00:32:24 -0300] "GET /phpmyadmin/themes/pmahomme/img/col_drop.png HTTP/1.1" 200 132
::1 - - [08/Dec/2019:00:32:24 -0300] "GET /phpmyadmin/index.php?ajax_request=1&recent_table=1&token=f36767e085a4c0c9a028d715a23ac2db HTTP/1.1" 200 215
::1 - - [08/Dec/2019:00:32:24 -0300] "GET /phpmyadmin/favicon.ico HTTP/1.1" 200 18902
::1 - - [08/Dec/2019:00:33:48 -0300] "GET /syshair/css/owl.carousel.min.css HTTP/1.1" 200 3440
::1 - - [08/Dec/2019:00:33:48 -0300] "GET /syshair/css/jquery.timepicker.css HTTP/1.1" 200 1588
::1 - - [08/Dec/2019:00:33:48 -0300] "GET /syshair/css/flaticon.css HTTP/1.1" 200 1354
::1 - - [08/Dec/2019:00:33:48 -0300] "GET /syshair/css/style.css HTTP/1.1" 200 236620
::1 - - [08/Dec/2019:00:33:48 -0300] "GET /syshair/css/aos.css HTTP/1.1" 200 25983
::1 - - [08/Dec/2019:00:33:48 -0300] "GET /syshair/css/bootstrap-datepicker.css HTTP/1.1" 200 17945
::1 - - [08/Dec/2019:00:33:48 -0300] "GET /syshair/css/animate.css HTTP/1.1" 200 73641
::1 - - [08/Dec/2019:00:34:14 -0300] "GET /syshair/admin/index.php HTTP/1.1" 404 221
::1 - - [08/Dec/2019:00:34:14 -0300] "GET /favicon.ico HTTP/1.1" 404 209
::1 - - [08/Dec/2019:00:34:22 -0300] "GET /syshair/index.php HTTP/1.1" 200 5741
::1 - - [08/Dec/2019:00:34:22 -0300] "GET /syshair/css/dashboard.css HTTP/1.1" 200 1841
::1 - - [08/Dec/2019:00:34:22 -0300] "GET /docs/4.3/dist/js/bootstrap.bundle.min.js HTTP/1.1" 404 238
::1 - - [08/Dec/2019:00:34:22 -0300] "GET /js/dashboard.js HTTP/1.1" 404 213
::1 - - [08/Dec/2019:00:34:22 -0300] "GET /syshair/images/barbershop.png HTTP/1.1" 200 7489
::1 - - [08/Dec/2019:00:34:23 -0300] "GET /docs/4.3/dist/js/bootstrap.bundle.min.js HTTP/1.1" 404 238
::1 - - [08/Dec/2019:00:34:23 -0300] "GET /js/dashboard.js HTTP/1.1" 404 213
::1 - - [08/Dec/2019:00:34:23 -0300] "GET /favicon.ico HTTP/1.1" 404 209
::1 - - [08/Dec/2019:00:35:03 -0300] "GET /syshair/empresa.php HTTP/1.1" 404 217
::1 - - [08/Dec/2019:00:35:06 -0300] "GET /syshair/index.php HTTP/1.1" 200 5741
::1 - - [08/Dec/2019:00:35:06 -0300] "GET /syshair/css/dashboard.css HTTP/1.1" 200 1841
::1 - - [08/Dec/2019:00:35:07 -0300] "GET /favicon.ico HTTP/1.1" 404 209
::1 - - [08/Dec/2019:00:35:07 -0300] "GET /syshair/tipousuario_lista.php HTTP/1.1" 404 227
::1 - - [08/Dec/2019:00:35:24 -0300] "GET /syshair/admin/tipousuario_lista.php HTTP/1.1" 200 5630
::1 - - [08/Dec/2019:00:35:24 -0300] "GET /docs/4.3/dist/js/bootstrap.bundle.min.js HTTP/1.1" 404 238
::1 - - [08/Dec/2019:00:35:24 -0300] "GET /js/dashboard.js HTTP/1.1" 404 213
::1 - - [08/Dec/2019:00:35:24 -0300] "GET /docs/4.3/dist/js/bootstrap.bundle.min.js HTTP/1.1" 404 238
::1 - - [08/Dec/2019:00:35:24 -0300] "GET /js/dashboard.js HTTP/1.1" 404 213
::1 - - [08/Dec/2019:00:35:24 -0300] "GET /favicon.ico HTTP/1.1" 404 209
::1 - - [08/Dec/2019:00:35:29 -0300] "GET /syshair/admin/empresa.php HTTP/1.1" 404 223
::1 - - [08/Dec/2019:00:35:30 -0300] "GET /favicon.ico HTTP/1.1" 404 209
::1 - - [08/Dec/2019:00:35:32 -0300] "GET /syshair/admin/tipousuario_lista.php HTTP/1.1" 200 5630
::1 - - [08/Dec/2019:00:35:32 -0300] "GET /syshair/css/dashboard.css HTTP/1.1" 200 1841
::1 - - [08/Dec/2019:00:35:32 -0300] "GET /favicon.ico HTTP/1.1" 404 209
::1 - - [08/Dec/2019:00:35:33 -0300] "GET /syshair/admin/tipousuario_lista.php HTTP/1.1" 200 5630
::1 - - [08/Dec/2019:00:35:33 -0300] "GET /docs/4.3/dist/js/bootstrap.bundle.min.js HTTP/1.1" 404 238
::1 - - [08/Dec/2019:00:35:33 -0300] "GET /js/dashboard.js HTTP/1.1" 404 213
::1 - - [08/Dec/2019:00:35:33 -0300] "GET /docs/4.3/dist/js/bootstrap.bundle.min.js HTTP/1.1" 404 238
::1 - - [08/Dec/2019:00:35:33 -0300] "GET /js/dashboard.js HTTP/1.1" 404 213
::1 - - [08/Dec/2019:00:35:36 -0300] "GET /syshair/admin/cliente_lista.php HTTP/1.1" 200 5623
::1 - - [08/Dec/2019:00:35:36 -0300] "GET /docs/4.3/dist/js/bootstrap.bundle.min.js HTTP/1.1" 404 238
::1 - - [08/Dec/2019:00:35:36 -0300] "GET /js/dashboard.js HTTP/1.1" 404 213
::1 - - [08/Dec/2019:00:35:37 -0300] "GET /docs/4.3/dist/js/bootstrap.bundle.min.js HTTP/1.1" 404 238
::1 - - [08/Dec/2019:00:35:37 -0300] "GET /js/dashboard.js HTTP/1.1" 404 213
::1 - - [08/Dec/2019:00:35:37 -0300] "GET /favicon.ico HTTP/1.1" 404 209
::1 - - [08/Dec/2019:00:35:38 -0300] "GET /syshair/admin/profissional_lista.php HTTP/1.1" 200 5628
::1 - - [08/Dec/2019:00:35:38 -0300] "GET /docs/4.3/dist/js/bootstrap.bundle.min.js HTTP/1.1" 404 238
::1 - - [08/Dec/2019:00:35:38 -0300] "GET /js/dashboard.js HTTP/1.1" 404 213
::1 - - [08/Dec/2019:00:35:38 -0300] "GET /docs/4.3/dist/js/bootstrap.bundle.min.js HTTP/1.1" 404 238
::1 - - [08/Dec/2019:00:35:38 -0300] "GET /js/dashboard.js HTTP/1.1" 404 213
::1 - - [08/Dec/2019:00:35:40 -0300] "GET /syshair/admin/servico_lista.php HTTP/1.1" 200 5624
::1 - - [08/Dec/2019:00:35:40 -0300] "GET /js/dashboard.js HTTP/1.1" 404 213
::1 - - [08/Dec/2019:00:35:40 -0300] "GET /docs/4.3/dist/js/bootstrap.bundle.min.js HTTP/1.1" 404 238
::1 - - [08/Dec/2019:00:35:40 -0300] "GET /docs/4.3/dist/js/bootstrap.bundle.min.js HTTP/1.1" 404 238
::1 - - [08/Dec/2019:00:35:40 -0300] "GET /js/dashboard.js HTTP/1.1" 404 213
::1 - - [08/Dec/2019:00:35:42 -0300] "GET /syshair/admin/usuario_lista.php HTTP/1.1" 200 8377
::1 - - [08/Dec/2019:00:35:43 -0300] "GET /docs/4.3/dist/js/bootstrap.bundle.min.js HTTP/1.1" 404 238
::1 - - [08/Dec/2019:00:35:43 -0300] "GET /js/dashboard.js HTTP/1.1" 404 213
::1 - - [08/Dec/2019:00:35:43 -0300] "GET /docs/4.3/dist/js/bootstrap.bundle.min.js HTTP/1.1" 404 238
::1 - - [08/Dec/2019:00:35:43 -0300] "GET /js/dashboard.js HTTP/1.1" 404 213
::1 - - [08/Dec/2019:00:35:51 -0300] "GET /syshair/admin/usuario_form.php?id=1 HTTP/1.1" 200 2220
::1 - - [08/Dec/2019:00:35:51 -0300] "GET /syshair/css/bootstrap.min.css HTTP/1.1" 200 140421
::1 - - [08/Dec/2019:00:35:51 -0300] "GET /syshair/css/floating-labels.css HTTP/1.1" 200 2255
::1 - - [08/Dec/2019:00:36:08 -0300] "GET /syshair/admin/usuario_lista.php HTTP/1.1" 200 8377
