[Sun Dec 08 00:27:30.117966 2019] [mpm_winnt:notice] [pid 10396:tid 824] AH00455: Apache/2.4.6 (Win32) PHP/5.4.17 configured -- resuming normal operations
[Sun Dec 08 00:27:30.117966 2019] [mpm_winnt:notice] [pid 10396:tid 824] AH00456: Apache Lounge VC10 Server built: Jul 16 2013 11:15:41
[Sun Dec 08 00:27:30.117966 2019] [core:notice] [pid 10396:tid 824] AH00094: Command line: 'D:\\ITBRAZIL\\SysHair/apache2/bin/httpd_usbwv8.exe -d D:/ITBRAZIL/SysHair/apache2'
[Sun Dec 08 00:27:30.201771 2019] [mpm_winnt:notice] [pid 10396:tid 824] AH00418: Parent: Created child process 13332
[Sun Dec 08 00:27:31.112348 2019] [mpm_winnt:notice] [pid 13332:tid 936] AH00354: Child: Starting 64 worker threads.
[Sun Dec 08 00:28:27.625723 2019] [:error] [pid 13332:tid 1356] [client ::1:50824] PHP Warning:  phpinfo(): It is not safe to rely on the system's timezone settings. You are *required* to use the date.timezone setting or the date_default_timezone_set() function. In case you used any of those methods and you are still getting this warning, you most likely misspelled the timezone identifier. We selected the timezone 'UTC' for now, but please set date.timezone to select your timezone. in D:\\ITBRAZIL\\SysHair\\root\\index.php on line 47
[Sun Dec 08 00:32:02.771595 2019] [:error] [pid 13332:tid 1332] [client ::1:50919] PHP Notice:  Undefined index: Usuario in D:\\ITBRAZIL\\SysHair\\root\\syshair\\admin\\inc\\topo.php on line 6, referer: http://localhost:8080/syshair/admin/usuario_form.php?erro=Credenciais%20incorretas!!!
[Sun Dec 08 00:34:14.026797 2019] [:error] [pid 13332:tid 1332] [client ::1:51015] script 'D:/ITBRAZIL/SysHair/root/syshair/admin/index.php' not found or unable to stat
[Sun Dec 08 00:34:22.785030 2019] [:error] [pid 13332:tid 1332] [client ::1:51025] PHP Notice:  Use of undefined constant tituloPagina - assumed 'tituloPagina' in D:\\ITBRAZIL\\SysHair\\root\\syshair\\admin\\inc\\topo.php on line 23
[Sun Dec 08 00:34:22.786023 2019] [:error] [pid 13332:tid 1332] [client ::1:51025] PHP Notice:  Undefined variable: titulo in D:\\ITBRAZIL\\SysHair\\root\\syshair\\admin\\inc\\topo.php on line 56
[Sun Dec 08 00:35:03.947551 2019] [:error] [pid 13332:tid 1356] [client ::1:51044] script 'D:/ITBRAZIL/SysHair/root/syshair/empresa.php' not found or unable to stat, referer: http://localhost:8080/syshair/index.php
[Sun Dec 08 00:35:06.583186 2019] [:error] [pid 13332:tid 1356] [client ::1:51044] PHP Notice:  Use of undefined constant tituloPagina - assumed 'tituloPagina' in D:\\ITBRAZIL\\SysHair\\root\\syshair\\admin\\inc\\topo.php on line 23
[Sun Dec 08 00:35:06.584183 2019] [:error] [pid 13332:tid 1356] [client ::1:51044] PHP Notice:  Undefined variable: titulo in D:\\ITBRAZIL\\SysHair\\root\\syshair\\admin\\inc\\topo.php on line 56
[Sun Dec 08 00:35:07.931580 2019] [:error] [pid 13332:tid 1356] [client ::1:51053] script 'D:/ITBRAZIL/SysHair/root/syshair/tipousuario_lista.php' not found or unable to stat, referer: http://localhost:8080/syshair/index.php
[Sun Dec 08 00:35:24.135920 2019] [:error] [pid 13332:tid 1356] [client ::1:51058] PHP Notice:  Use of undefined constant tituloPagina - assumed 'tituloPagina' in D:\\ITBRAZIL\\SysHair\\root\\syshair\\admin\\inc\\topo.php on line 23
[Sun Dec 08 00:35:29.939022 2019] [:error] [pid 13332:tid 1356] [client ::1:51064] script 'D:/ITBRAZIL/SysHair/root/syshair/admin/empresa.php' not found or unable to stat, referer: http://localhost:8080/syshair/admin/tipousuario_lista.php
[Sun Dec 08 00:35:32.283248 2019] [:error] [pid 13332:tid 1356] [client ::1:51066] PHP Notice:  Use of undefined constant tituloPagina - assumed 'tituloPagina' in D:\\ITBRAZIL\\SysHair\\root\\syshair\\admin\\inc\\topo.php on line 23
[Sun Dec 08 00:35:33.513956 2019] [:error] [pid 13332:tid 1356] [client ::1:51071] PHP Notice:  Use of undefined constant tituloPagina - assumed 'tituloPagina' in D:\\ITBRAZIL\\SysHair\\root\\syshair\\admin\\inc\\topo.php on line 23, referer: http://localhost:8080/syshair/admin/tipousuario_lista.php
[Sun Dec 08 00:35:36.089746 2019] [:error] [pid 13332:tid 1356] [client ::1:51071] PHP Notice:  Use of undefined constant tituloPagina - assumed 'tituloPagina' in D:\\ITBRAZIL\\SysHair\\root\\syshair\\admin\\inc\\topo.php on line 23, referer: http://localhost:8080/syshair/admin/tipousuario_lista.php
[Sun Dec 08 00:35:38.305754 2019] [:error] [pid 13332:tid 1356] [client ::1:51071] PHP Notice:  Use of undefined constant tituloPagina - assumed 'tituloPagina' in D:\\ITBRAZIL\\SysHair\\root\\syshair\\admin\\inc\\topo.php on line 23, referer: http://localhost:8080/syshair/admin/cliente_lista.php
[Sun Dec 08 00:35:40.385289 2019] [:error] [pid 13332:tid 1356] [client ::1:51071] PHP Notice:  Use of undefined constant tituloPagina - assumed 'tituloPagina' in D:\\ITBRAZIL\\SysHair\\root\\syshair\\admin\\inc\\topo.php on line 23, referer: http://localhost:8080/syshair/admin/profissional_lista.php
[Sun Dec 08 00:35:42.980551 2019] [:error] [pid 13332:tid 1356] [client ::1:51071] PHP Notice:  Use of undefined constant tituloPagina - assumed 'tituloPagina' in D:\\ITBRAZIL\\SysHair\\root\\syshair\\admin\\inc\\topo.php on line 23, referer: http://localhost:8080/syshair/admin/servico_lista.php
[Sun Dec 08 00:36:08.911453 2019] [:error] [pid 13332:tid 1356] [client ::1:51089] PHP Notice:  Use of undefined constant tituloPagina - assumed 'tituloPagina' in D:\\ITBRAZIL\\SysHair\\root\\syshair\\admin\\inc\\topo.php on line 23, referer: http://localhost:8080/syshair/admin/servico_lista.php
